build/app/intermediates/manifest_merge_blame_file/release/manifest-merger-blame-release-report.txt
1<?xml version="1.0" encoding="utf-8"?>
2<manifest xmlns:android="http://schemas.android.com/apk/res/android"
3    package="com.example.user_management"
4    android:versionCode="1"
5    android:versionName="1.0.0" >
6
7    <uses-sdk
8        android:minSdkVersion="19"
8-->src\main\AndroidManifest.xml
9        android:targetSdkVersion="33" />
9-->src\main\AndroidManifest.xml
10    <!--
11         Required to query activities that can process text, see:
12         https://developer.android.com/training/package-visibility?hl=en and
13         https://developer.android.com/reference/android/content/Intent#ACTION_PROCESS_TEXT.
14
15         In particular, this is used by the Flutter engine in io.flutter.plugin.text.ProcessTextPlugin.
16    -->
17    <queries>
17-->src\main\AndroidManifest.xml:38:5-43:15
18        <intent>
18-->src\main\AndroidManifest.xml:39:9-42:18
19            <action android:name="android.intent.action.PROCESS_TEXT" />
19-->src\main\AndroidManifest.xml:40:13-72
19-->src\main\AndroidManifest.xml:40:21-70
20
21            <data android:mimeType="text/plain" />
21-->src\main\AndroidManifest.xml:41:13-50
21-->src\main\AndroidManifest.xml:41:19-48
22        </intent>
23    </queries>
24
25    <uses-permission android:name="android.permission.VIBRATE" />
25-->[:flutter_local_notifications] AndroidManifest.xml:9:5-66
25-->[:flutter_local_notifications] AndroidManifest.xml:9:22-63
26    <uses-permission android:name="android.permission.POST_NOTIFICATIONS" />
26-->[:flutter_local_notifications] AndroidManifest.xml:10:5-77
26-->[:flutter_local_notifications] AndroidManifest.xml:10:22-74
27    <uses-permission android:name="android.permission.INTERNET" />
27-->[:google_sign_in_android] AndroidManifest.xml:9:5-67
27-->[:google_sign_in_android] AndroidManifest.xml:9:22-64
28    <uses-permission android:name="android.permission.ACCESS_NETWORK_STATE" />
28-->[com.google.firebase:firebase-auth:22.3.1] AndroidManifest.xml:26:5-79
28-->[com.google.firebase:firebase-auth:22.3.1] AndroidManifest.xml:26:22-76
29    <uses-permission android:name="com.google.android.providers.gsf.permission.READ_GSERVICES" />
29-->[com.google.android.recaptcha:recaptcha:18.4.0] AndroidManifest.xml:9:5-98
29-->[com.google.android.recaptcha:recaptcha:18.4.0] AndroidManifest.xml:9:22-95
30
31    <permission
31-->[androidx.core:core:1.10.1] AndroidManifest.xml:22:5-24:47
32        android:name="com.example.user_management.DYNAMIC_RECEIVER_NOT_EXPORTED_PERMISSION"
32-->[androidx.core:core:1.10.1] AndroidManifest.xml:23:9-81
33        android:protectionLevel="signature" />
33-->[androidx.core:core:1.10.1] AndroidManifest.xml:24:9-44
34
35    <uses-permission android:name="com.example.user_management.DYNAMIC_RECEIVER_NOT_EXPORTED_PERMISSION" />
35-->[androidx.core:core:1.10.1] AndroidManifest.xml:26:5-97
35-->[androidx.core:core:1.10.1] AndroidManifest.xml:26:22-94
36
37    <application
38        android:name="io.flutter.app.FlutterMultiDexApplication"
38-->src\main\AndroidManifest.xml:4:9-42
39        android:appComponentFactory="androidx.core.app.CoreComponentFactory"
39-->[androidx.core:core:1.10.1] AndroidManifest.xml:28:18-86
40        android:icon="@mipmap/ic_launcher"
40-->src\main\AndroidManifest.xml:5:9-43
41        android:label="user_management" >
41-->src\main\AndroidManifest.xml:3:9-40
42        <activity
42-->src\main\AndroidManifest.xml:6:9-26:20
43            android:name="com.example.user_management.MainActivity"
43-->src\main\AndroidManifest.xml:7:13-41
44            android:configChanges="orientation|keyboardHidden|keyboard|screenSize|smallestScreenSize|locale|layoutDirection|fontScale|screenLayout|density|uiMode"
44-->src\main\AndroidManifest.xml:11:13-163
45            android:exported="true"
45-->src\main\AndroidManifest.xml:8:13-36
46            android:hardwareAccelerated="true"
46-->src\main\AndroidManifest.xml:12:13-47
47            android:launchMode="singleTop"
47-->src\main\AndroidManifest.xml:9:13-43
48            android:theme="@style/LaunchTheme"
48-->src\main\AndroidManifest.xml:10:13-47
49            android:windowSoftInputMode="adjustResize" >
49-->src\main\AndroidManifest.xml:13:13-55
50
51            <!--
52                 Specifies an Android theme to apply to this Activity as soon as
53                 the Android process has started. This theme is visible to the user
54                 while the Flutter UI initializes. After that, this theme continues
55                 to determine the Window background behind the Flutter UI.
56            -->
57            <meta-data
57-->src\main\AndroidManifest.xml:18:13-21:17
58                android:name="io.flutter.embedding.android.NormalTheme"
58-->src\main\AndroidManifest.xml:19:15-70
59                android:resource="@style/NormalTheme" />
59-->src\main\AndroidManifest.xml:20:15-52
60
61            <intent-filter>
61-->src\main\AndroidManifest.xml:22:13-25:29
62                <action android:name="android.intent.action.MAIN" />
62-->src\main\AndroidManifest.xml:23:17-68
62-->src\main\AndroidManifest.xml:23:25-66
63
64                <category android:name="android.intent.category.LAUNCHER" />
64-->src\main\AndroidManifest.xml:24:17-76
64-->src\main\AndroidManifest.xml:24:27-74
65            </intent-filter>
66        </activity>
67        <!--
68             Don't delete the meta-data below.
69             This is used by the Flutter tool to generate GeneratedPluginRegistrant.java
70        -->
71        <meta-data
71-->src\main\AndroidManifest.xml:29:9-31:33
72            android:name="flutterEmbedding"
72-->src\main\AndroidManifest.xml:30:13-44
73            android:value="2" />
73-->src\main\AndroidManifest.xml:31:13-30
74
75        <service
75-->[:firebase_auth] AndroidManifest.xml:10:9-14:19
76            android:name="com.google.firebase.components.ComponentDiscoveryService"
76-->[:firebase_auth] AndroidManifest.xml:10:18-89
77            android:directBootAware="true"
77-->[com.google.firebase:firebase-common:20.4.3] AndroidManifest.xml:32:13-43
78            android:exported="false" >
78-->[com.google.firebase:firebase-auth:22.3.1] AndroidManifest.xml:68:13-37
79            <meta-data
79-->[:firebase_auth] AndroidManifest.xml:11:13-13:85
80                android:name="com.google.firebase.components:io.flutter.plugins.firebase.auth.FlutterFirebaseAuthRegistrar"
80-->[:firebase_auth] AndroidManifest.xml:12:17-124
81                android:value="com.google.firebase.components.ComponentRegistrar" />
81-->[:firebase_auth] AndroidManifest.xml:13:17-82
82            <meta-data
82-->[:firebase_storage] AndroidManifest.xml:11:13-13:85
83                android:name="com.google.firebase.components:io.flutter.plugins.firebase.storage.FlutterFirebaseAppRegistrar"
83-->[:firebase_storage] AndroidManifest.xml:12:17-126
84                android:value="com.google.firebase.components.ComponentRegistrar" />
84-->[:firebase_storage] AndroidManifest.xml:13:17-82
85            <meta-data
85-->[:cloud_firestore] AndroidManifest.xml:11:13-13:85
86                android:name="com.google.firebase.components:io.flutter.plugins.firebase.firestore.FlutterFirebaseFirestoreRegistrar"
86-->[:cloud_firestore] AndroidManifest.xml:12:17-134
87                android:value="com.google.firebase.components.ComponentRegistrar" />
87-->[:cloud_firestore] AndroidManifest.xml:13:17-82
88            <meta-data
88-->[:firebase_core] AndroidManifest.xml:11:13-13:85
89                android:name="com.google.firebase.components:io.flutter.plugins.firebase.core.FlutterFirebaseCoreRegistrar"
89-->[:firebase_core] AndroidManifest.xml:12:17-124
90                android:value="com.google.firebase.components.ComponentRegistrar" />
90-->[:firebase_core] AndroidManifest.xml:13:17-82
91            <meta-data
91-->[com.google.firebase:firebase-auth:22.3.1] AndroidManifest.xml:69:13-71:85
92                android:name="com.google.firebase.components:com.google.firebase.auth.FirebaseAuthRegistrar"
92-->[com.google.firebase:firebase-auth:22.3.1] AndroidManifest.xml:70:17-109
93                android:value="com.google.firebase.components.ComponentRegistrar" />
93-->[com.google.firebase:firebase-auth:22.3.1] AndroidManifest.xml:71:17-82
94            <meta-data
94-->[com.google.firebase:firebase-firestore:24.11.0] AndroidManifest.xml:17:13-19:85
95                android:name="com.google.firebase.components:com.google.firebase.firestore.FirebaseFirestoreKtxRegistrar"
95-->[com.google.firebase:firebase-firestore:24.11.0] AndroidManifest.xml:18:17-122
96                android:value="com.google.firebase.components.ComponentRegistrar" />
96-->[com.google.firebase:firebase-firestore:24.11.0] AndroidManifest.xml:19:17-82
97            <meta-data
97-->[com.google.firebase:firebase-firestore:24.11.0] AndroidManifest.xml:20:13-22:85
98                android:name="com.google.firebase.components:com.google.firebase.firestore.FirestoreRegistrar"
98-->[com.google.firebase:firebase-firestore:24.11.0] AndroidManifest.xml:21:17-111
99                android:value="com.google.firebase.components.ComponentRegistrar" />
99-->[com.google.firebase:firebase-firestore:24.11.0] AndroidManifest.xml:22:17-82
100            <meta-data
100-->[com.google.firebase:firebase-storage:20.3.0] AndroidManifest.xml:30:13-32:85
101                android:name="com.google.firebase.components:com.google.firebase.storage.FirebaseStorageKtxRegistrar"
101-->[com.google.firebase:firebase-storage:20.3.0] AndroidManifest.xml:31:17-118
102                android:value="com.google.firebase.components.ComponentRegistrar" />
102-->[com.google.firebase:firebase-storage:20.3.0] AndroidManifest.xml:32:17-82
103            <meta-data
103-->[com.google.firebase:firebase-storage:20.3.0] AndroidManifest.xml:33:13-35:85
104                android:name="com.google.firebase.components:com.google.firebase.storage.StorageRegistrar"
104-->[com.google.firebase:firebase-storage:20.3.0] AndroidManifest.xml:34:17-107
105                android:value="com.google.firebase.components.ComponentRegistrar" />
105-->[com.google.firebase:firebase-storage:20.3.0] AndroidManifest.xml:35:17-82
106            <meta-data
106-->[com.google.firebase:firebase-appcheck:17.1.2] AndroidManifest.xml:25:13-27:85
107                android:name="com.google.firebase.components:com.google.firebase.appcheck.FirebaseAppCheckKtxRegistrar"
107-->[com.google.firebase:firebase-appcheck:17.1.2] AndroidManifest.xml:26:17-120
108                android:value="com.google.firebase.components.ComponentRegistrar" />
108-->[com.google.firebase:firebase-appcheck:17.1.2] AndroidManifest.xml:27:17-82
109            <meta-data
109-->[com.google.firebase:firebase-appcheck:17.1.2] AndroidManifest.xml:28:13-30:85
110                android:name="com.google.firebase.components:com.google.firebase.appcheck.FirebaseAppCheckRegistrar"
110-->[com.google.firebase:firebase-appcheck:17.1.2] AndroidManifest.xml:29:17-117
111                android:value="com.google.firebase.components.ComponentRegistrar" />
111-->[com.google.firebase:firebase-appcheck:17.1.2] AndroidManifest.xml:30:17-82
112            <meta-data
112-->[com.google.firebase:firebase-common-ktx:20.4.3] AndroidManifest.xml:12:13-14:85
113                android:name="com.google.firebase.components:com.google.firebase.ktx.FirebaseCommonLegacyRegistrar"
113-->[com.google.firebase:firebase-common-ktx:20.4.3] AndroidManifest.xml:13:17-116
114                android:value="com.google.firebase.components.ComponentRegistrar" />
114-->[com.google.firebase:firebase-common-ktx:20.4.3] AndroidManifest.xml:14:17-82
115            <meta-data
115-->[com.google.firebase:firebase-common:20.4.3] AndroidManifest.xml:35:13-37:85
116                android:name="com.google.firebase.components:com.google.firebase.FirebaseCommonKtxRegistrar"
116-->[com.google.firebase:firebase-common:20.4.3] AndroidManifest.xml:36:17-109
117                android:value="com.google.firebase.components.ComponentRegistrar" />
117-->[com.google.firebase:firebase-common:20.4.3] AndroidManifest.xml:37:17-82
118        </service>
119
120        <provider
120-->[:image_picker_android] AndroidManifest.xml:11:9-19:20
121            android:name="io.flutter.plugins.imagepicker.ImagePickerFileProvider"
121-->[:image_picker_android] AndroidManifest.xml:12:13-82
122            android:authorities="com.example.user_management.flutter.image_provider"
122-->[:image_picker_android] AndroidManifest.xml:13:13-74
123            android:exported="false"
123-->[:image_picker_android] AndroidManifest.xml:14:13-37
124            android:grantUriPermissions="true" >
124-->[:image_picker_android] AndroidManifest.xml:15:13-47
125            <meta-data
125-->[:image_picker_android] AndroidManifest.xml:16:13-18:75
126                android:name="android.support.FILE_PROVIDER_PATHS"
126-->[:image_picker_android] AndroidManifest.xml:17:17-67
127                android:resource="@xml/flutter_image_picker_file_paths" />
127-->[:image_picker_android] AndroidManifest.xml:18:17-72
128        </provider> <!-- Trigger Google Play services to install the backported photo picker module. -->
129        <service
129-->[:image_picker_android] AndroidManifest.xml:21:9-33:19
130            android:name="com.google.android.gms.metadata.ModuleDependencies"
130-->[:image_picker_android] AndroidManifest.xml:22:13-78
131            android:enabled="false"
131-->[:image_picker_android] AndroidManifest.xml:23:13-36
132            android:exported="false" >
132-->[:image_picker_android] AndroidManifest.xml:24:13-37
133            <intent-filter>
133-->[:image_picker_android] AndroidManifest.xml:26:13-28:29
134                <action android:name="com.google.android.gms.metadata.MODULE_DEPENDENCIES" />
134-->[:image_picker_android] AndroidManifest.xml:27:17-94
134-->[:image_picker_android] AndroidManifest.xml:27:25-91
135            </intent-filter>
136
137            <meta-data
137-->[:image_picker_android] AndroidManifest.xml:30:13-32:36
138                android:name="photopicker_activity:0:required"
138-->[:image_picker_android] AndroidManifest.xml:31:17-63
139                android:value="" />
139-->[:image_picker_android] AndroidManifest.xml:32:17-33
140        </service>
141
142        <activity
142-->[com.google.firebase:firebase-auth:22.3.1] AndroidManifest.xml:29:9-46:20
143            android:name="com.google.firebase.auth.internal.GenericIdpActivity"
143-->[com.google.firebase:firebase-auth:22.3.1] AndroidManifest.xml:30:13-80
144            android:excludeFromRecents="true"
144-->[com.google.firebase:firebase-auth:22.3.1] AndroidManifest.xml:31:13-46
145            android:exported="true"
145-->[com.google.firebase:firebase-auth:22.3.1] AndroidManifest.xml:32:13-36
146            android:launchMode="singleTask"
146-->[com.google.firebase:firebase-auth:22.3.1] AndroidManifest.xml:33:13-44
147            android:theme="@android:style/Theme.Translucent.NoTitleBar" >
147-->[com.google.firebase:firebase-auth:22.3.1] AndroidManifest.xml:34:13-72
148            <intent-filter>
148-->[com.google.firebase:firebase-auth:22.3.1] AndroidManifest.xml:35:13-45:29
149                <action android:name="android.intent.action.VIEW" />
149-->[com.google.firebase:firebase-auth:22.3.1] AndroidManifest.xml:36:17-69
149-->[com.google.firebase:firebase-auth:22.3.1] AndroidManifest.xml:36:25-66
150
151                <category android:name="android.intent.category.DEFAULT" />
151-->[com.google.firebase:firebase-auth:22.3.1] AndroidManifest.xml:38:17-76
151-->[com.google.firebase:firebase-auth:22.3.1] AndroidManifest.xml:38:27-73
152                <category android:name="android.intent.category.BROWSABLE" />
152-->[com.google.firebase:firebase-auth:22.3.1] AndroidManifest.xml:39:17-78
152-->[com.google.firebase:firebase-auth:22.3.1] AndroidManifest.xml:39:27-75
153
154                <data
154-->src\main\AndroidManifest.xml:41:13-50
155                    android:host="firebase.auth"
156                    android:path="/"
157                    android:scheme="genericidp" />
158            </intent-filter>
159        </activity>
160        <activity
160-->[com.google.firebase:firebase-auth:22.3.1] AndroidManifest.xml:47:9-64:20
161            android:name="com.google.firebase.auth.internal.RecaptchaActivity"
161-->[com.google.firebase:firebase-auth:22.3.1] AndroidManifest.xml:48:13-79
162            android:excludeFromRecents="true"
162-->[com.google.firebase:firebase-auth:22.3.1] AndroidManifest.xml:49:13-46
163            android:exported="true"
163-->[com.google.firebase:firebase-auth:22.3.1] AndroidManifest.xml:50:13-36
164            android:launchMode="singleTask"
164-->[com.google.firebase:firebase-auth:22.3.1] AndroidManifest.xml:51:13-44
165            android:theme="@android:style/Theme.Translucent.NoTitleBar" >
165-->[com.google.firebase:firebase-auth:22.3.1] AndroidManifest.xml:52:13-72
166            <intent-filter>
166-->[com.google.firebase:firebase-auth:22.3.1] AndroidManifest.xml:53:13-63:29
167                <action android:name="android.intent.action.VIEW" />
167-->[com.google.firebase:firebase-auth:22.3.1] AndroidManifest.xml:36:17-69
167-->[com.google.firebase:firebase-auth:22.3.1] AndroidManifest.xml:36:25-66
168
169                <category android:name="android.intent.category.DEFAULT" />
169-->[com.google.firebase:firebase-auth:22.3.1] AndroidManifest.xml:38:17-76
169-->[com.google.firebase:firebase-auth:22.3.1] AndroidManifest.xml:38:27-73
170                <category android:name="android.intent.category.BROWSABLE" />
170-->[com.google.firebase:firebase-auth:22.3.1] AndroidManifest.xml:39:17-78
170-->[com.google.firebase:firebase-auth:22.3.1] AndroidManifest.xml:39:27-75
171
172                <data
172-->src\main\AndroidManifest.xml:41:13-50
173                    android:host="firebase.auth"
174                    android:path="/"
175                    android:scheme="recaptcha" />
176            </intent-filter>
177        </activity>
178        <activity
178-->[com.google.android.gms:play-services-auth:21.0.0] AndroidManifest.xml:23:9-27:75
179            android:name="com.google.android.gms.auth.api.signin.internal.SignInHubActivity"
179-->[com.google.android.gms:play-services-auth:21.0.0] AndroidManifest.xml:24:13-93
180            android:excludeFromRecents="true"
180-->[com.google.android.gms:play-services-auth:21.0.0] AndroidManifest.xml:25:13-46
181            android:exported="false"
181-->[com.google.android.gms:play-services-auth:21.0.0] AndroidManifest.xml:26:13-37
182            android:theme="@android:style/Theme.Translucent.NoTitleBar" />
182-->[com.google.android.gms:play-services-auth:21.0.0] AndroidManifest.xml:27:13-72
183        <!--
184            Service handling Google Sign-In user revocation. For apps that do not integrate with
185            Google Sign-In, this service will never be started.
186        -->
187        <service
187-->[com.google.android.gms:play-services-auth:21.0.0] AndroidManifest.xml:33:9-37:51
188            android:name="com.google.android.gms.auth.api.signin.RevocationBoundService"
188-->[com.google.android.gms:play-services-auth:21.0.0] AndroidManifest.xml:34:13-89
189            android:exported="true"
189-->[com.google.android.gms:play-services-auth:21.0.0] AndroidManifest.xml:35:13-36
190            android:permission="com.google.android.gms.auth.api.signin.permission.REVOCATION_NOTIFICATION"
190-->[com.google.android.gms:play-services-auth:21.0.0] AndroidManifest.xml:36:13-107
191            android:visibleToInstantApps="true" />
191-->[com.google.android.gms:play-services-auth:21.0.0] AndroidManifest.xml:37:13-48
192
193        <provider
193-->[com.google.firebase:firebase-common:20.4.3] AndroidManifest.xml:23:9-28:39
194            android:name="com.google.firebase.provider.FirebaseInitProvider"
194-->[com.google.firebase:firebase-common:20.4.3] AndroidManifest.xml:24:13-77
195            android:authorities="com.example.user_management.firebaseinitprovider"
195-->[com.google.firebase:firebase-common:20.4.3] AndroidManifest.xml:25:13-72
196            android:directBootAware="true"
196-->[com.google.firebase:firebase-common:20.4.3] AndroidManifest.xml:26:13-43
197            android:exported="false"
197-->[com.google.firebase:firebase-common:20.4.3] AndroidManifest.xml:27:13-37
198            android:initOrder="100" />
198-->[com.google.firebase:firebase-common:20.4.3] AndroidManifest.xml:28:13-36
199
200        <activity
200-->[com.google.android.gms:play-services-base:18.1.0] AndroidManifest.xml:20:9-22:45
201            android:name="com.google.android.gms.common.api.GoogleApiActivity"
201-->[com.google.android.gms:play-services-base:18.1.0] AndroidManifest.xml:20:19-85
202            android:exported="false"
202-->[com.google.android.gms:play-services-base:18.1.0] AndroidManifest.xml:22:19-43
203            android:theme="@android:style/Theme.Translucent.NoTitleBar" />
203-->[com.google.android.gms:play-services-base:18.1.0] AndroidManifest.xml:21:19-78
204
205        <meta-data
205-->[com.google.android.gms:play-services-basement:18.3.0] AndroidManifest.xml:21:9-23:69
206            android:name="com.google.android.gms.version"
206-->[com.google.android.gms:play-services-basement:18.3.0] AndroidManifest.xml:22:13-58
207            android:value="@integer/google_play_services_version" />
207-->[com.google.android.gms:play-services-basement:18.3.0] AndroidManifest.xml:23:13-66
208
209        <uses-library
209-->[androidx.window:window:1.0.0-beta04] AndroidManifest.xml:25:9-27:40
210            android:name="androidx.window.extensions"
210-->[androidx.window:window:1.0.0-beta04] AndroidManifest.xml:26:13-54
211            android:required="false" />
211-->[androidx.window:window:1.0.0-beta04] AndroidManifest.xml:27:13-37
212        <uses-library
212-->[androidx.window:window:1.0.0-beta04] AndroidManifest.xml:28:9-30:40
213            android:name="androidx.window.sidecar"
213-->[androidx.window:window:1.0.0-beta04] AndroidManifest.xml:29:13-51
214            android:required="false" />
214-->[androidx.window:window:1.0.0-beta04] AndroidManifest.xml:30:13-37
215
216        <provider
216-->[androidx.profileinstaller:profileinstaller:1.3.0] AndroidManifest.xml:24:9-32:20
217            android:name="androidx.startup.InitializationProvider"
217-->[androidx.profileinstaller:profileinstaller:1.3.0] AndroidManifest.xml:25:13-67
218            android:authorities="com.example.user_management.androidx-startup"
218-->[androidx.profileinstaller:profileinstaller:1.3.0] AndroidManifest.xml:26:13-68
219            android:exported="false" >
219-->[androidx.profileinstaller:profileinstaller:1.3.0] AndroidManifest.xml:27:13-37
220            <meta-data
220-->[androidx.profileinstaller:profileinstaller:1.3.0] AndroidManifest.xml:29:13-31:52
221                android:name="androidx.profileinstaller.ProfileInstallerInitializer"
221-->[androidx.profileinstaller:profileinstaller:1.3.0] AndroidManifest.xml:30:17-85
222                android:value="androidx.startup" />
222-->[androidx.profileinstaller:profileinstaller:1.3.0] AndroidManifest.xml:31:17-49
223        </provider>
224
225        <receiver
225-->[androidx.profileinstaller:profileinstaller:1.3.0] AndroidManifest.xml:34:9-52:20
226            android:name="androidx.profileinstaller.ProfileInstallReceiver"
226-->[androidx.profileinstaller:profileinstaller:1.3.0] AndroidManifest.xml:35:13-76
227            android:directBootAware="false"
227-->[androidx.profileinstaller:profileinstaller:1.3.0] AndroidManifest.xml:36:13-44
228            android:enabled="true"
228-->[androidx.profileinstaller:profileinstaller:1.3.0] AndroidManifest.xml:37:13-35
229            android:exported="true"
229-->[androidx.profileinstaller:profileinstaller:1.3.0] AndroidManifest.xml:38:13-36
230            android:permission="android.permission.DUMP" >
230-->[androidx.profileinstaller:profileinstaller:1.3.0] AndroidManifest.xml:39:13-57
231            <intent-filter>
231-->[androidx.profileinstaller:profileinstaller:1.3.0] AndroidManifest.xml:40:13-42:29
232                <action android:name="androidx.profileinstaller.action.INSTALL_PROFILE" />
232-->[androidx.profileinstaller:profileinstaller:1.3.0] AndroidManifest.xml:41:17-91
232-->[androidx.profileinstaller:profileinstaller:1.3.0] AndroidManifest.xml:41:25-88
233            </intent-filter>
234            <intent-filter>
234-->[androidx.profileinstaller:profileinstaller:1.3.0] AndroidManifest.xml:43:13-45:29
235                <action android:name="androidx.profileinstaller.action.SKIP_FILE" />
235-->[androidx.profileinstaller:profileinstaller:1.3.0] AndroidManifest.xml:44:17-85
235-->[androidx.profileinstaller:profileinstaller:1.3.0] AndroidManifest.xml:44:25-82
236            </intent-filter>
237            <intent-filter>
237-->[androidx.profileinstaller:profileinstaller:1.3.0] AndroidManifest.xml:46:13-48:29
238                <action android:name="androidx.profileinstaller.action.SAVE_PROFILE" />
238-->[androidx.profileinstaller:profileinstaller:1.3.0] AndroidManifest.xml:47:17-88
238-->[androidx.profileinstaller:profileinstaller:1.3.0] AndroidManifest.xml:47:25-85
239            </intent-filter>
240            <intent-filter>
240-->[androidx.profileinstaller:profileinstaller:1.3.0] AndroidManifest.xml:49:13-51:29
241                <action android:name="androidx.profileinstaller.action.BENCHMARK_OPERATION" />
241-->[androidx.profileinstaller:profileinstaller:1.3.0] AndroidManifest.xml:50:17-95
241-->[androidx.profileinstaller:profileinstaller:1.3.0] AndroidManifest.xml:50:25-92
242            </intent-filter>
243        </receiver>
244    </application>
245
246</manifest>